<?xml version="1.0" encoding="UTF-8"?>
<testng-results ignored="0" total="1" passed="1" failed="0" skipped="0">
  <reporter-output>
  </reporter-output>
  <suite started-at="2018-04-19T08:17:16Z" name="Default suite" finished-at="2018-04-19T08:17:21Z" duration-ms="5601">
    <groups>
    </groups>
    <test started-at="2018-04-19T08:17:16Z" name="Default test" finished-at="2018-04-19T08:17:21Z" duration-ms="5601">
      <class name="com.cryptocurrency.loadTest01">
        <test-method is-config="true" signature="beforeClass()[pri:0, instance:com.cryptocurrency.loadTest01@5d0a1059]" started-at="2018-04-19T08:17:16Z" name="beforeClass" finished-at="2018-04-19T08:17:21Z" duration-ms="5347" status="PASS">
          <reporter-output>
          </reporter-output>
        </test-method> <!-- beforeClass -->
        <test-method signature="checkLaunch()[pri:0, instance:com.cryptocurrency.loadTest01@5d0a1059]" started-at="2018-04-19T08:17:21Z" name="checkLaunch" finished-at="2018-04-19T08:17:21Z" duration-ms="148" status="PASS">
          <reporter-output>
          </reporter-output>
        </test-method> <!-- checkLaunch -->
        <test-method is-config="true" signature="afterClass()[pri:0, instance:com.cryptocurrency.loadTest01@5d0a1059]" started-at="2018-04-19T08:17:21Z" name="afterClass" finished-at="2018-04-19T08:17:21Z" duration-ms="87" status="PASS">
          <reporter-output>
          </reporter-output>
        </test-method> <!-- afterClass -->
      </class> <!-- com.cryptocurrency.loadTest01 -->
    </test> <!-- Default test -->
  </suite> <!-- Default suite -->
</testng-results>
